1655553205597	geckodriver	INFO	Listening on 127.0.0.1:64781
1655553208647	mozrunner::runner	INFO	Running command: "C:\\Program Files (x86)\\Mozilla Firefox\\firefox.exe" "--marionette" "--remote-debugging-port" "64782" "--remote-allow-hosts" "localhost" "-no-remote" "-profile" "C:\\Users\\Pierre\\AppData\\Local\\Temp\\rust_mozprofileFvtaZ8"
1655553208991	Marionette	INFO	Marionette enabled
WebDriver BiDi listening on ws://localhost:64782
console.warn: SearchSettings: "get: No settings file exists, new profile?" (new NotFoundError("Could not open the file at C:\\Users\\Pierre\\AppData\\Local\\Temp\\rust_mozprofileFvtaZ8\\search.json.mozlz4", (void 0)))
1655553210377	Marionette	INFO	Listening on port 64802
DevTools listening on ws://localhost:64782/devtools/browser/774dfe04-5aac-4980-a0a5-1a91e1d1febd
Read port: 64802
1655553210496	RemoteAgent	WARN	TLS certificate errors will be ignored for this session
JavaScript warning: https://web.whatsapp.com/bootstrap_main.16f0e3503ad5f4047d6b.js, line 8: unreachable code after return statement
JavaScript error: https://web.whatsapp.com/serviceworker.js, line 1: TypeError: Cache.put: Cache got basic response with bad status 206 while trying to add request https://web.whatsapp.com/sequential-ptt-middle_7fa161964e93db72b8d00ae22189d75f.mp3
JavaScript error: https://web.whatsapp.com/serviceworker.js, line 1: TypeError: Cache.put: Cache got basic response with bad status 206 while trying to add request https://web.whatsapp.com/sequential-ptt-end_62ed28be622237546fd39f9468a76a49.mp3
JavaScript error: https://web.whatsapp.com/serviceworker.js, line 1: TypeError: Cache.put: Cache got basic response with bad status 206 while trying to add request https://web.whatsapp.com/notification_2a485d84012c106acef03b527bb54635.mp3
1655553446028	Marionette	INFO	Stopped listening on port 64802
console.warn: TopSitesFeed: Failed to fetch data from Contile server: NetworkError when attempting to fetch resource.
e" "--remote-debugging-port" "64863" "--remote-allow-hosts" "localhost" "-no-remote" "-profile" "C:\\Users\\Pierre\\AppData\\Local\\Temp\\rust_mozprofileIGyQjt"
1655553430451	Marionette	INFO	Marionette enabled
WebDriver BiDi listening on ws://localhost:64863
console.warn: SearchSettings: "get: No settings file exists, new profile?" (new NotFoundError("Could not open the file at C:\\Users\\Pierre\\AppData\\Local\\Temp\\rust_mozprofileIGyQjt\\search.json.mozlz4", (void 0)))
1655553431853	Marionette	INFO	Listening on port 64882
DevTools listening on ws://localhost:64863/devtools/browser/221b75d1-bbe5-43a2-8af4-b42a2c80f6a0
Read port: 64882
1655553431920	RemoteAgent	WARN	TLS certificate errors will be ignored for this session
JavaScript warning: https://web.whatsapp.com/bootstrap_main.16f0e3503ad5f4047d6b.js, line 8: unreachable code after return statement
JavaScript error: https://web.whatsapp.com/serviceworker.js, line 1: TypeError: Cache.put: Cache got basic response with bad status 206 while trying to add request https://web.whatsapp.com/sequential-ptt-middle_7fa161964e93db72b8d00ae22189d75f.mp3
JavaScript error: https://web.whatsapp.com/serviceworker.js, line 1: TypeError: Cache.put: Cache got basic response with bad status 206 while trying to add request https://web.whatsapp.com/notification_2a485d84012c106acef03b527bb54635.mp3
JavaScript error: https://web.whatsapp.com/serviceworker.js, line 1: TypeError: Cache.put: Cache got basic response with bad status 206 while trying to add request https://web.whatsapp.com/sequential-ptt-end_62ed28be622237546fd39f9468a76a49.mp3
1655558141136	Marionette	INFO	Stopped listening on port 64882
console.warn: TopSitesFeed: Failed to fetch data from Contile server: NetworkError when attempting to fetch resource.

###!!! [Parent][PGPUParent] Error: RunMessage(msgname=PGPU::Msg_ShutdownVR) Channel closing: too late to send/recv, messages will be lost

1655559357568	geckodriver	INFO	Listening on 127.0.0.1:62144
1655559360621	mozrunner::runner	INFO	Running command: "C:\\Program Files (x86)\\Mozilla Firefox\\firefox.exe" "--marionette" "--remote-debugging-port" "62145" "--remote-allow-hosts" "localhost" "-no-remote" "-profile" "C:\\Users\\Pierre\\AppData\\Local\\Temp\\rust_mozprofilenLNJV8"
1655559360892	Marionette	INFO	Marionette enabled
WebDriver BiDi listening on ws://localhost:62145
console.warn: SearchSettings: "get: No settings file exists, new profile?" (new NotFoundError("Could not open the file at C:\\Users\\Pierre\\AppData\\Local\\Temp\\rust_mozprofilenLNJV8\\search.json.mozlz4", (void 0)))
1655559362140	Marionette	INFO	Listening on port 62163
DevTools listening on ws://localhost:62145/devtools/browser/c86a62e1-465c-48ba-bf8c-a31e776135d7
Read port: 62163
1655559362254	RemoteAgent	WARN	TLS certificate errors will be ignored for this session
JavaScript warning: https://web.whatsapp.com/bootstrap_main.16f0e3503ad5f4047d6b.js, line 8: unreachable code after return statement
1655559391206	Marionette	INFO	Stopped listening on port 62163
console.warn: TopSitesFeed: Failed to fetch data from Contile server: NetworkError when attempting to fetch resource.
[Parent 7124, IPC I/O Parent] WARNING: file /builds/worker/checkouts/gecko/ipc/chromium/src/base/process_util_win.cc:167
1655559404231	geckodriver	INFO	Listening on 127.0.0.1:62194
1655559407284	mozrunner::runner	INFO	Running command: "C:\\Program Files (x86)\\Mozilla Firefox\\firefox.exe" "--marionette" "--remote-debugging-port" "62195" "--remote-allow-hosts" "localhost" "-no-remote" "-profile" "C:\\Users\\Pierre\\AppData\\Local\\Temp\\rust_mozprofileQzFaj9"
1655559407533	Marionette	INFO	Marionette enabled
WebDriver BiDi listening on ws://localhost:62195
console.warn: SearchSettings: "get: No settings file exists, new profile?" (new NotFoundError("Could not open the file at C:\\Users\\Pierre\\AppData\\Local\\Temp\\rust_mozprofileQzFaj9\\search.json.mozlz4", (void 0)))
1655559408741	Marionette	INFO	Listening on port 62214
DevTools listening on ws://localhost:62195/devtools/browser/21a2aab1-75f0-48aa-b1b8-e5701af23483
Read port: 62214
1655559408815	RemoteAgent	WARN	TLS certificate errors will be ignored for this session
JavaScript warning: https://web.whatsapp.com/bootstrap_main.16f0e3503ad5f4047d6b.js, line 8: unreachable code after return statement
JavaScript error: https://web.whatsapp.com/serviceworker.js, line 1: TypeError: Cache.put: Cache got basic response with bad status 206 while trying to add request https://web.whatsapp.com/sequential-ptt-middle_7fa161964e93db72b8d00ae22189d75f.mp3
JavaScript error: https://web.whatsapp.com/serviceworker.js, line 1: TypeError: Cache.put: Cache got basic response with bad status 206 while trying to add request https://web.whatsapp.com/sequential-ptt-end_62ed28be622237546fd39f9468a76a49.mp3
JavaScript error: https://web.whatsapp.com/serviceworker.js, line 1: TypeError: Cache.put: Cache got basic response with bad status 206 while trying to add request https://web.whatsapp.com/notification_2a485d84012c106acef03b527bb54635.mp3
1655560098721	Marionette	INFO	Stopped listening on port 62214
console.warn: TopSitesFeed: Failed to fetch data from Contile server: NetworkError when attempting to fetch resource.
[Parent 14136, IPC I/O Parent] WARNING: file /builds/worker/checkouts/gecko/ipc/chromium/src/base/process_util_win.cc:167
